Using pre-set license
Built from '2021.3/staging' branch; Version is '2021.3.26f1 (a16dc32e0ff2) revision 10579395'; Using compiler version '192829333'; Build Type 'Release'
OS: 'Windows 11  (10.0.22621) 64bit CoreSingleLanguage' Language: 'en' Physical Memory: 16126 MB
BatchMode: 1, IsHumanControllingUs: 0, StartBugReporterOnCrash: 0, Is64bit: 1, IsPro: 1

COMMAND LINE ARGUMENTS:
C:\Program Files\Unity\Hub\Editor\2021.3.26f1\Editor\Unity.exe
-adb2
-batchMode
-noUpm
-name
AssetImportWorker3
-projectPath
C:/repository
-logFile
Logs/AssetImportWorker3.log
-srvPort
56647
Successfully changed project path to: C:/repository
C:/repository
[UnityMemory] Configuration Parameters - Can be set up in boot.config
    "memorysetup-bucket-allocator-granularity=16"
    "memorysetup-bucket-allocator-bucket-count=8"
    "memorysetup-bucket-allocator-block-size=33554432"
    "memorysetup-bucket-allocator-block-count=8"
    "memorysetup-main-allocator-block-size=16777216"
    "memorysetup-thread-allocator-block-size=16777216"
    "memorysetup-gfx-main-allocator-block-size=16777216"
    "memorysetup-gfx-thread-allocator-block-size=16777216"
    "memorysetup-cache-allocator-block-size=4194304"
    "memorysetup-typetree-allocator-block-size=2097152"
    "memorysetup-profiler-bucket-allocator-granularity=16"
    "memorysetup-profiler-bucket-allocator-bucket-count=8"
    "memorysetup-profiler-bucket-allocator-block-size=33554432"
    "memorysetup-profiler-bucket-allocator-block-count=8"
    "memorysetup-profiler-allocator-block-size=16777216"
    "memorysetup-profiler-editor-allocator-block-size=1048576"
    "memorysetup-temp-allocator-size-main=16777216"
    "memorysetup-job-temp-allocator-block-size=2097152"
    "memorysetup-job-temp-allocator-block-size-background=1048576"
    "memorysetup-job-temp-allocator-reduction-small-platforms=262144"
    "memorysetup-temp-allocator-size-background-worker=32768"
    "memorysetup-temp-allocator-size-job-worker=262144"
    "memorysetup-temp-allocator-size-preload-manager=33554432"
    "memorysetup-temp-allocator-size-nav-mesh-worker=65536"
    "memorysetup-temp-allocator-size-audio-worker=65536"
    "memorysetup-temp-allocator-size-cloud-worker=32768"
    "memorysetup-temp-allocator-size-gi-baking-worker=262144"
    "memorysetup-temp-allocator-size-gfx=262144"
Player connection [71340] Host "[IP] 172.23.158.155 [Port] 0 [Flags] 2 [Guid] 2958750710 [EditorId] 2958750710 [Version] 1048832 [Id] WindowsEditor(7,SubhavG15) [Debug] 1 [PackageName] WindowsEditor [ProjectName] Editor" joined multi-casting on [225.0.0.222:54997]...

Player connection [71340] Host "[IP] 172.23.158.155 [Port] 0 [Flags] 2 [Guid] 2958750710 [EditorId] 2958750710 [Version] 1048832 [Id] WindowsEditor(7,SubhavG15) [Debug] 1 [PackageName] WindowsEditor [ProjectName] Editor" joined alternative multi-casting on [225.0.0.222:34997]...

Refreshing native plugins compatible for Editor in 115.96 ms, found 3 plugins.
Preloading 0 native plugins for Editor in 0.00 ms.
Initialize engine version: 2021.3.26f1 (a16dc32e0ff2)
[Subsystems] Discovering subsystems at path C:/Program Files/Unity/Hub/Editor/2021.3.26f1/Editor/Data/Resources/UnitySubsystems
[Subsystems] Discovering subsystems at path C:/repository/Assets
GfxDevice: creating device client; threaded=0; jobified=0
Direct3D:
    Version:  Direct3D 11.0 [level 11.1]
    Renderer: NVIDIA GeForce RTX 3050 Laptop GPU (ID=0x25a2)
    Vendor:   NVIDIA
    VRAM:     3977 MB
    Driver:   31.0.15.2879
Initialize mono
Mono path[0] = 'C:/Program Files/Unity/Hub/Editor/2021.3.26f1/Editor/Data/Managed'
Mono path[1] = 'C:/Program Files/Unity/Hub/Editor/2021.3.26f1/Editor/Data/MonoBleedingEdge/lib/mono/unityjit-win32'
Mono config path = 'C:/Program Files/Unity/Hub/Editor/2021.3.26f1/Editor/Data/MonoBleedingEdge/etc'
Using monoOptions --debugger-agent=transport=dt_socket,embedding=1,server=y,suspend=n,address=127.0.0.1:56484
Begin MonoManager ReloadAssembly
Registering precompiled unity dll's ...
Register platform support module: C:/Program Files/Unity/Hub/Editor/2021.3.26f1/Editor/Data/PlaybackEngines/WebGLSupport/UnityEditor.WebGL.Extensions.dll
Register platform support module: C:/Program Files/Unity/Hub/Editor/2021.3.26f1/Editor/Data/PlaybackEngines/WindowsStandaloneSupport/UnityEditor.WindowsStandalone.Extensions.dll
Registered in 0.006009 seconds.
Native extension for WindowsStandalone target not found
Native extension for WebGL target not found
Refreshing native plugins compatible for Editor in 75.90 ms, found 3 plugins.
Preloading 0 native plugins for Editor in 0.00 ms.
Mono: successfully reloaded assembly
- Completed reload, in  0.768 seconds
Domain Reload Profiling:
	ReloadAssembly (768ms)
		BeginReloadAssembly (114ms)
			ExecutionOrderSort (0ms)
			DisableScriptedObjects (0ms)
			BackupInstance (0ms)
			ReleaseScriptingObjects (0ms)
			CreateAndSetChildDomain (1ms)
		EndReloadAssembly (537ms)
			LoadAssemblies (111ms)
			RebuildTransferFunctionScriptingTraits (0ms)
			SetupTypeCache (144ms)
			ReleaseScriptCaches (0ms)
			RebuildScriptCaches (38ms)
			SetupLoadedEditorAssemblies (293ms)
				LogAssemblyErrors (0ms)
				InitializePlatformSupportModulesInManaged (15ms)
				SetLoadedEditorAssemblies (0ms)
				RefreshPlugins (76ms)
				BeforeProcessingInitializeOnLoad (1ms)
				ProcessInitializeOnLoadAttributes (153ms)
				ProcessInitializeOnLoadMethodAttributes (47ms)
				AfterProcessingInitializeOnLoad (0ms)
				EditorAssembliesLoaded (0ms)
			ExecutionOrderSort2 (0ms)
			AwakeInstancesAfterBackupRestoration (0ms)
Platform modules already initialized, skipping
Registering precompiled user dll's ...
Registered in 0.006236 seconds.
Begin MonoManager ReloadAssembly
Symbol file LoadedFromMemory doesn't match image C:\repository\Library\PackageCache\com.unity.visualscripting@1.8.0\Editor\VisualScripting.Core\Dependencies\YamlDotNet\Unity.VisualScripting.YamlDotNet.dll
Symbol file LoadedFromMemory doesn't match image C:\repository\Library\PackageCache\com.unity.visualscripting@1.8.0\Editor\VisualScripting.Core\Dependencies\DotNetZip\Unity.VisualScripting.IonicZip.dll
Native extension for WindowsStandalone target not found
Native extension for WebGL target not found
Refreshing native plugins compatible for Editor in 1.06 ms, found 3 plugins.
Preloading 0 native plugins for Editor in 0.00 ms.
Mono: successfully reloaded assembly
- Completed reload, in  0.901 seconds
Domain Reload Profiling:
	ReloadAssembly (902ms)
		BeginReloadAssembly (118ms)
			ExecutionOrderSort (0ms)
			DisableScriptedObjects (5ms)
			BackupInstance (0ms)
			ReleaseScriptingObjects (0ms)
			CreateAndSetChildDomain (20ms)
		EndReloadAssembly (685ms)
			LoadAssemblies (89ms)
			RebuildTransferFunctionScriptingTraits (0ms)
			SetupTypeCache (247ms)
			ReleaseScriptCaches (1ms)
			RebuildScriptCaches (44ms)
			SetupLoadedEditorAssemblies (281ms)
				LogAssemblyErrors (0ms)
				InitializePlatformSupportModulesInManaged (7ms)
				SetLoadedEditorAssemblies (1ms)
				RefreshPlugins (1ms)
				BeforeProcessingInitializeOnLoad (63ms)
				ProcessInitializeOnLoadAttributes (186ms)
				ProcessInitializeOnLoadMethodAttributes (15ms)
				AfterProcessingInitializeOnLoad (7ms)
				EditorAssembliesLoaded (0ms)
			ExecutionOrderSort2 (0ms)
			AwakeInstancesAfterBackupRestoration (6ms)
Platform modules already initialized, skipping
========================================================================
Worker process is ready to serve import requests
Launched and connected shader compiler UnityShaderCompiler.exe after 0.05 seconds
Refreshing native plugins compatible for Editor in 0.53 ms, found 3 plugins.
Preloading 0 native plugins for Editor in 0.00 ms.
Unloading 3056 Unused Serialized files (Serialized files now loaded: 0)
Unloading 22 unused Assets / (56.5 KB). Loaded Objects now: 3537.
Memory consumption went from 120.5 MB to 120.5 MB.
Total: 3.368100 ms (FindLiveObjects: 0.233700 ms CreateObjectMapping: 0.096900 ms MarkObjects: 2.953000 ms  DeleteObjects: 0.083700 ms)

AssetImportParameters requested are different than current active one (requested -> active):
  custom:video-decoder-ogg-theora: a1e56fd34408186e4bbccfd4996cb3dc -> 
  custom:container-muxer-webm: aa71ff27fc2769a1b78a27578f13a17b -> 
  custom:container-demuxer-webm: 4f35f7cbe854078d1ac9338744f61a02 -> 
  custom:video-encoder-webm-vp8: eb34c28f22e8b96e1ab97ce403110664 -> 
  custom:video-codec-MediaFoundation-h265: 746d11721c4dcdbdad8f713fa42b33f4 -> 
  custom:audio-encoder-webm-vorbis: bf7c407c2cedff20999df2af8eb42d56 -> 
  custom:framework-win-MediaFoundation: 216162199b28c13a410421893ffa2e32 -> 
  custom:container-demuxer-ogg: 62fdf1f143b41e24485cea50d1cbac27 -> 
  custom:video-decoder-webm-vp8: 9c59270c3fd7afecdb556c50c9e8de78 -> 
  custom:audio-decoder-ogg-vorbis: bf7c407c2cedff20999df2af8eb42d56 -> 
========================================================================
Received Import Request.
  Time since last request: 162980.382605 seconds.
  path: Assets/Ammunition pack (demo)/Animations/Bullet3_animations.FBX
  artifactKey: Guid(b8cd940793484aa4bbde01c75a30bac1) Importer(815301076,1909f56bfc062723c751e8b465ee728b)
Start importing Assets/Ammunition pack (demo)/Animations/Bullet3_animations.FBX using Guid(b8cd940793484aa4bbde01c75a30bac1) Importer(815301076,1909f56bfc062723c751e8b465ee728b)  -> (artifact id: '223e7446c33ac6401a96c6c355be6b14') in 0.230144 seconds 
========================================================================
Received Import Request.
  Time since last request: 3.538854 seconds.
  path: Assets/Ammunition pack (demo)/Textures/Bullet1_diffuse3.tga
  artifactKey: Guid(7a691c039fd73de44b0ee1a28b782307) Importer(815301076,1909f56bfc062723c751e8b465ee728b)
Start importing Assets/Ammunition pack (demo)/Textures/Bullet1_diffuse3.tga using Guid(7a691c039fd73de44b0ee1a28b782307) Importer(815301076,1909f56bfc062723c751e8b465ee728b)  -> (artifact id: '4ce8c50fac1fdc8b00ea08390cd82915') in 0.040042 seconds 
========================================================================
Received Import Request.
  Time since last request: 0.000034 seconds.
  path: Assets/Ammunition pack (demo)/Textures/Bullet4_normal.tga
  artifactKey: Guid(9c557eef648b0ca4485a3381e25f8bc8) Importer(815301076,1909f56bfc062723c751e8b465ee728b)
Start importing Assets/Ammunition pack (demo)/Textures/Bullet4_normal.tga using Guid(9c557eef648b0ca4485a3381e25f8bc8) Importer(815301076,1909f56bfc062723c751e8b465ee728b)  -> (artifact id: 'f3ff2a8012373d576c614004a8ce994f') in 0.027776 seconds 
========================================================================
Received Import Request.
  Time since last request: 0.000022 seconds.
  path: Assets/Ammunition pack (demo)/Textures/Bullet7_metallic2.tga
  artifactKey: Guid(2d1c9b8f2f1d5c648b2eb0d8fe677ea4) Importer(815301076,1909f56bfc062723c751e8b465ee728b)
Start importing Assets/Ammunition pack (demo)/Textures/Bullet7_metallic2.tga using Guid(2d1c9b8f2f1d5c648b2eb0d8fe677ea4) Importer(815301076,1909f56bfc062723c751e8b465ee728b)  -> (artifact id: 'acce34ac2c7be1c798cde7213e5dd397') in 0.018035 seconds 
========================================================================
Received Import Request.
  Time since last request: 0.000064 seconds.
  path: Assets/Ammunition pack (demo)/Textures/Bullet2_metallic2.tga
  artifactKey: Guid(7d122f3d3f4101f4ebe6658139952462) Importer(815301076,1909f56bfc062723c751e8b465ee728b)
Start importing Assets/Ammunition pack (demo)/Textures/Bullet2_metallic2.tga using Guid(7d122f3d3f4101f4ebe6658139952462) Importer(815301076,1909f56bfc062723c751e8b465ee728b)  -> (artifact id: '269b5615e569763ce5a6438b436a8b98') in 0.012737 seconds 
========================================================================
Received Import Request.
  Time since last request: 0.000032 seconds.
  path: Assets/Ammunition pack (demo)/Textures/Bullet5_metallic.tga
  artifactKey: Guid(cb5921ac99413c14d8625d3231c17e22) Importer(815301076,1909f56bfc062723c751e8b465ee728b)
Start importing Assets/Ammunition pack (demo)/Textures/Bullet5_metallic.tga using Guid(cb5921ac99413c14d8625d3231c17e22) Importer(815301076,1909f56bfc062723c751e8b465ee728b)  -> (artifact id: 'ae82787e8ad434be144c19dd7c0db37c') in 0.015414 seconds 
========================================================================
Received Import Request.
  Time since last request: 0.000047 seconds.
  path: Assets/Ammunition pack (demo)/Textures/Bullet4_diffuse.tga
  artifactKey: Guid(613785cbe4d6fdd4d9d01ca31c110888) Importer(815301076,1909f56bfc062723c751e8b465ee728b)
Start importing Assets/Ammunition pack (demo)/Textures/Bullet4_diffuse.tga using Guid(613785cbe4d6fdd4d9d01ca31c110888) Importer(815301076,1909f56bfc062723c751e8b465ee728b)  -> (artifact id: 'fefb1d879d66225a217205de31022602') in 0.019481 seconds 
========================================================================
Received Import Request.
  Time since last request: 0.000023 seconds.
  path: Assets/Ammunition pack (demo)/Textures/Bullet5_diffuse3.tga
  artifactKey: Guid(09dce65b88a1be3408ffb5817709b8b1) Importer(815301076,1909f56bfc062723c751e8b465ee728b)
Start importing Assets/Ammunition pack (demo)/Textures/Bullet5_diffuse3.tga using Guid(09dce65b88a1be3408ffb5817709b8b1) Importer(815301076,1909f56bfc062723c751e8b465ee728b)  -> (artifact id: '936bff15e96746e554d0fe9313a9e57d') in 0.014353 seconds 
========================================================================
Received Import Request.
  Time since last request: 0.000026 seconds.
  path: Assets/Ammunition pack (demo)/Textures/Bullet3_metallic1,2.tga
  artifactKey: Guid(2261687d96aa46d48831349d1bb64fc8) Importer(815301076,1909f56bfc062723c751e8b465ee728b)
Start importing Assets/Ammunition pack (demo)/Textures/Bullet3_metallic1,2.tga using Guid(2261687d96aa46d48831349d1bb64fc8) Importer(815301076,1909f56bfc062723c751e8b465ee728b)  -> (artifact id: '4852961f3b15ca1d4425347f7f614be7') in 0.013345 seconds 
========================================================================
Received Import Request.
  Time since last request: 0.000028 seconds.
  path: Assets/Ammunition pack (demo)/Textures/Bullet8_Substance_Bullet8_mat_AlbedoTransparency.tga
  artifactKey: Guid(5854edc770c850240a378bd6102d6000) Importer(815301076,1909f56bfc062723c751e8b465ee728b)
Start importing Assets/Ammunition pack (demo)/Textures/Bullet8_Substance_Bullet8_mat_AlbedoTransparency.tga using Guid(5854edc770c850240a378bd6102d6000) Importer(815301076,1909f56bfc062723c751e8b465ee728b)  -> (artifact id: '42fbb5424ca9b65d369f7962506f7546') in 0.014844 seconds 
========================================================================
Received Import Request.
  Time since last request: 0.000029 seconds.
  path: Assets/Ammunition pack (demo)/Textures/Bullet8_Substance_Bullet8_mat_MetallicSmoothness.tga
  artifactKey: Guid(f66fd5eda6950f1488746a361f9d37ac) Importer(815301076,1909f56bfc062723c751e8b465ee728b)
Start importing Assets/Ammunition pack (demo)/Textures/Bullet8_Substance_Bullet8_mat_MetallicSmoothness.tga using Guid(f66fd5eda6950f1488746a361f9d37ac) Importer(815301076,1909f56bfc062723c751e8b465ee728b)  -> (artifact id: 'cceedaf53f5c862b529edf9cec299245') in 0.017284 seconds 
========================================================================
Received Import Request.
  Time since last request: 0.000020 seconds.
  path: Assets/Ammunition pack (demo)/Textures/Bullet1_normal2,3.tga
  artifactKey: Guid(49cfe39cc0a83564e9119afea7655acd) Importer(815301076,1909f56bfc062723c751e8b465ee728b)
Start importing Assets/Ammunition pack (demo)/Textures/Bullet1_normal2,3.tga using Guid(49cfe39cc0a83564e9119afea7655acd) Importer(815301076,1909f56bfc062723c751e8b465ee728b)  -> (artifact id: '45be6e425ae49578d2345bdf243fad0d') in 0.015493 seconds 
Editor requested this worker to shutdown with reason: Scaling down because of idle timeout
AssetImportWorker is now disconnected from the server
Process exiting
Exiting without the bug reporter. Application will terminate with return code 0